<?xml version="1.0" encoding="UTF-8"?>
<!-- Generated by org.testng.reporters.JUnitXMLReporter -->
<testsuite ignored="0" hostname="DESKTOP-1DRG44F" failures="1" tests="1" name="Test" time="7.979" errors="0" timestamp="2025-03-08T12:22:26 IST">
  <testcase classname="testNgListeners.ValidLogin" name="validLoginTC" time="1.721">
    <failure type="java.lang.NullPointerException" message="Cannot invoke &amp;quot;Object.toString()&amp;quot; because &amp;quot;cell&amp;quot; is null">
      <![CDATA[java.lang.NullPointerException: Cannot invoke "Object.toString()" because "cell" is null
at testNgListeners.Flib.readExcelData(Flib.java:23)
at testNgListeners.ValidLogin.validLoginTC(ValidLogin.java:21)
at java.base/java.util.ArrayList.forEach(ArrayList.java:1511)
... Removed 27 stack frames]]>
    </failure>
  </testcase> <!-- validLoginTC -->
</testsuite> <!-- Test -->
