<?xml version="1.0" encoding="UTF-8"?>
<testng-results ignored="0" total="1" passed="1" failed="0" skipped="0">
  <reporter-output>
  </reporter-output>
  <suite started-at="2025-03-20T11:48:50 IST" name="Default suite" finished-at="2025-03-20T11:49:11 IST" duration-ms="20897">
    <groups>
    </groups>
    <test started-at="2025-03-20T11:48:50 IST" name="Default test" finished-at="2025-03-20T11:49:11 IST" duration-ms="20897">
      <class name="testPackage.TC_BuyProduct_003_Test">
        <test-method is-config="true" signature="browserSetUp()[pri:0, instance:testPackage.TC_BuyProduct_003_Test@36ebc363]" started-at="2025-03-20T11:48:50 IST" name="browserSetUp" finished-at="2025-03-20T11:48:56 IST" duration-ms="6795" status="PASS">
          <reporter-output>
          </reporter-output>
        </test-method> <!-- browserSetUp -->
        <test-method is-config="true" signature="validLogin()[pri:0, instance:testPackage.TC_BuyProduct_003_Test@36ebc363]" started-at="2025-03-20T11:48:56 IST" name="validLogin" finished-at="2025-03-20T11:49:00 IST" duration-ms="3019" status="PASS">
          <reporter-output>
          </reporter-output>
        </test-method> <!-- validLogin -->
        <test-method signature="buyProductMethod()[pri:0, instance:testPackage.TC_BuyProduct_003_Test@36ebc363]" started-at="2025-03-20T11:49:00 IST" name="buyProductMethod" finished-at="2025-03-20T11:49:09 IST" duration-ms="9390" status="PASS">
          <reporter-output>
          </reporter-output>
        </test-method> <!-- buyProductMethod -->
        <test-method is-config="true" signature="logOut()[pri:0, instance:testPackage.TC_BuyProduct_003_Test@36ebc363]" started-at="2025-03-20T11:49:09 IST" name="logOut" finished-at="2025-03-20T11:49:10 IST" duration-ms="820" status="PASS">
          <reporter-output>
          </reporter-output>
        </test-method> <!-- logOut -->
        <test-method is-config="true" signature="browserTearDown()[pri:0, instance:testPackage.TC_BuyProduct_003_Test@36ebc363]" started-at="2025-03-20T11:49:10 IST" name="browserTearDown" finished-at="2025-03-20T11:49:11 IST" duration-ms="776" status="PASS">
          <reporter-output>
          </reporter-output>
        </test-method> <!-- browserTearDown -->
      </class> <!-- testPackage.TC_BuyProduct_003_Test -->
    </test> <!-- Default test -->
  </suite> <!-- Default suite -->
</testng-results>
